[01:23:15] [Server thread/INFO]: Starting minecraft server version 1.12.2
[01:23:15] [Server thread/INFO]: Loading properties
[01:23:15] [Server thread/INFO]: Default game type: SURVIVAL
[01:23:15] [Server thread/INFO]: This server is running Paper version git-Paper-1620 (MC: 1.12.2) (Implementing API version 1.12.2-R0.1-SNAPSHOT)
[01:23:16] [Server thread/INFO]: Debug logging is disabled
[01:23:16] [Server thread/INFO]: Server Ping Player Sample Count: 12
[01:23:16] [Server thread/INFO]: Using 4 threads for Netty based IO
[01:23:17] [Server thread/INFO]: Generating keypair
[01:23:17] [Server thread/INFO]: Starting Minecraft server on localhost:25565
[01:23:17] [Server thread/INFO]: Using default channel type
[01:23:19] [Server thread/ERROR]: Ambiguous plugin name `SetHome' for files `plugins/SetHome (4).jar' and `plugins/Set-Home-Plugin-1.12.jar' in `plugins'
[01:23:20] [Server thread/INFO]: Set PluginClassLoader as parallel capable
[01:23:20] [Server thread/INFO]: [SetHome] Loading SetHome v0.1
[01:23:20] [Server thread/INFO]: [QuickEChest] Loading QuickEChest v1.0
[01:23:20] [Server thread/INFO]: [Turpedo] Loading Turpedo v1.0
[01:23:20] [Server thread/INFO]: [morertp] Loading morertp v2.2
[01:23:20] [Server thread/INFO]: [WildRTP] Loading WildRTP v1.3.1
[01:23:20] [Server thread/INFO]: Server permissions file permissions.yml is empty, ignoring it
[01:23:20] [Server thread/INFO]: [morertp] Enabling morertp v2.2
[01:23:20] [Server thread/WARN]: **** SERVER IS RUNNING IN OFFLINE/INSECURE MODE!
[01:23:20] [Server thread/WARN]: The server will make no attempt to authenticate usernames. Beware.
[01:23:20] [Server thread/WARN]: While this makes the game possible to play without internet access, it also opens up the ability for hackers to connect with any username they choose.
[01:23:20] [Server thread/WARN]: To change this, set "online-mode" to "true" in the server.properties file.
[01:23:20] [Server thread/INFO]: **** Beginning UUID conversion, this may take A LONG time ****
[01:23:20] [Server thread/INFO]: Preparing level "world"
[01:23:20] [Server thread/INFO]: -------- World Settings For [world] --------
[01:23:20] [Server thread/INFO]: Cactus Growth Modifier: 100%
[01:23:20] [Server thread/INFO]: Cane Growth Modifier: 100%
[01:23:20] [Server thread/INFO]: Melon Growth Modifier: 100%
[01:23:20] [Server thread/INFO]: Mushroom Growth Modifier: 100%
[01:23:20] [Server thread/INFO]: Pumpkin Growth Modifier: 100%
[01:23:20] [Server thread/INFO]: Sapling Growth Modifier: 100%
[01:23:20] [Server thread/INFO]: Wheat Growth Modifier: 100%
[01:23:20] [Server thread/INFO]: NetherWart Growth Modifier: 100%
[01:23:20] [Server thread/INFO]: Vine Growth Modifier: 100%
[01:23:20] [Server thread/INFO]: Cocoa Growth Modifier: 100%
[01:23:20] [Server thread/INFO]: Mob Spawn Range: 4
[01:23:20] [Server thread/INFO]: Entity Activation Range: An 32 / Mo 32 / Mi 16 / Tiv true
[01:23:20] [Server thread/INFO]: Entity Tracking Range: Pl 48 / An 48 / Mo 48 / Mi 32 / Other 64
[01:23:20] [Server thread/INFO]: Hopper Transfer: 8 Hopper Check: 1 Hopper Amount: 1
[01:23:20] [Server thread/INFO]: Random Lighting Updates: false
[01:23:20] [Server thread/INFO]: Structure Info Saving: true
[01:23:20] [Server thread/INFO]: Custom Map Seeds:  Village: 10387312 Feature: 14357617 Monument: 10387313 Slime: 987234911
[01:23:20] [Server thread/INFO]: Max TNT Explosions: 100
[01:23:20] [Server thread/INFO]: Tile Max Tick Time: 50ms Entity max Tick Time: 50ms
[01:23:20] [Server thread/INFO]: Item Despawn Rate: 6000
[01:23:20] [Server thread/INFO]: Item Merge Radius: 2.5
[01:23:20] [Server thread/INFO]: View Distance: 4
[01:23:20] [Server thread/INFO]: Arrow Despawn Rate: 1200
[01:23:20] [Server thread/INFO]: Allow Zombie Pigmen to spawn from portal blocks: true
[01:23:20] [Server thread/INFO]: Experience Merge Radius: 3.0
[01:23:20] [Server thread/INFO]: Zombie Aggressive Towards Villager: true
[01:23:20] [Server thread/INFO]: Nerfing mobs spawned from spawners: false
[01:23:21] [Server thread/INFO]: -------- World Settings For [world_nether] --------
[01:23:21] [Server thread/INFO]: Cactus Growth Modifier: 100%
[01:23:21] [Server thread/INFO]: Cane Growth Modifier: 100%
[01:23:21] [Server thread/INFO]: Melon Growth Modifier: 100%
[01:23:21] [Server thread/INFO]: Mushroom Growth Modifier: 100%
[01:23:21] [Server thread/INFO]: Pumpkin Growth Modifier: 100%
[01:23:21] [Server thread/INFO]: Sapling Growth Modifier: 100%
[01:23:21] [Server thread/INFO]: Wheat Growth Modifier: 100%
[01:23:21] [Server thread/INFO]: NetherWart Growth Modifier: 100%
[01:23:21] [Server thread/INFO]: Vine Growth Modifier: 100%
[01:23:21] [Server thread/INFO]: Cocoa Growth Modifier: 100%
[01:23:21] [Server thread/INFO]: Mob Spawn Range: 4
[01:23:21] [Server thread/INFO]: Entity Activation Range: An 32 / Mo 32 / Mi 16 / Tiv true
[01:23:21] [Server thread/INFO]: Entity Tracking Range: Pl 48 / An 48 / Mo 48 / Mi 32 / Other 64
[01:23:21] [Server thread/INFO]: Hopper Transfer: 8 Hopper Check: 1 Hopper Amount: 1
[01:23:21] [Server thread/INFO]: Random Lighting Updates: false
[01:23:21] [Server thread/INFO]: Structure Info Saving: true
[01:23:21] [Server thread/INFO]: Custom Map Seeds:  Village: 10387312 Feature: 14357617 Monument: 10387313 Slime: 987234911
[01:23:21] [Server thread/INFO]: Max TNT Explosions: 100
[01:23:21] [Server thread/INFO]: Tile Max Tick Time: 50ms Entity max Tick Time: 50ms
[01:23:21] [Server thread/INFO]: Item Despawn Rate: 6000
[01:23:21] [Server thread/INFO]: Item Merge Radius: 2.5
[01:23:21] [Server thread/INFO]: View Distance: 4
[01:23:21] [Server thread/INFO]: Arrow Despawn Rate: 1200
[01:23:21] [Server thread/INFO]: Allow Zombie Pigmen to spawn from portal blocks: true
[01:23:21] [Server thread/INFO]: Experience Merge Radius: 3.0
[01:23:21] [Server thread/INFO]: Zombie Aggressive Towards Villager: true
[01:23:21] [Server thread/INFO]: Nerfing mobs spawned from spawners: false
[01:23:21] [Server thread/INFO]: -------- World Settings For [world_the_end] --------
[01:23:21] [Server thread/INFO]: Cactus Growth Modifier: 100%
[01:23:21] [Server thread/INFO]: Cane Growth Modifier: 100%
[01:23:21] [Server thread/INFO]: Melon Growth Modifier: 100%
[01:23:21] [Server thread/INFO]: Mushroom Growth Modifier: 100%
[01:23:21] [Server thread/INFO]: Pumpkin Growth Modifier: 100%
[01:23:21] [Server thread/INFO]: Sapling Growth Modifier: 100%
[01:23:21] [Server thread/INFO]: Wheat Growth Modifier: 100%
[01:23:21] [Server thread/INFO]: NetherWart Growth Modifier: 100%
[01:23:21] [Server thread/INFO]: Vine Growth Modifier: 100%
[01:23:21] [Server thread/INFO]: Cocoa Growth Modifier: 100%
[01:23:21] [Server thread/INFO]: Mob Spawn Range: 4
[01:23:21] [Server thread/INFO]: Entity Activation Range: An 32 / Mo 32 / Mi 16 / Tiv true
[01:23:21] [Server thread/INFO]: Entity Tracking Range: Pl 48 / An 48 / Mo 48 / Mi 32 / Other 64
[01:23:21] [Server thread/INFO]: Hopper Transfer: 8 Hopper Check: 1 Hopper Amount: 1
[01:23:21] [Server thread/INFO]: Random Lighting Updates: false
[01:23:21] [Server thread/INFO]: Structure Info Saving: true
[01:23:21] [Server thread/INFO]: Custom Map Seeds:  Village: 10387312 Feature: 14357617 Monument: 10387313 Slime: 987234911
[01:23:21] [Server thread/INFO]: Max TNT Explosions: 100
[01:23:21] [Server thread/INFO]: Tile Max Tick Time: 50ms Entity max Tick Time: 50ms
[01:23:21] [Server thread/INFO]: Item Despawn Rate: 6000
[01:23:21] [Server thread/INFO]: Item Merge Radius: 2.5
[01:23:21] [Server thread/INFO]: View Distance: 4
[01:23:21] [Server thread/INFO]: Arrow Despawn Rate: 1200
[01:23:21] [Server thread/INFO]: Allow Zombie Pigmen to spawn from portal blocks: true
[01:23:21] [Server thread/INFO]: Experience Merge Radius: 3.0
[01:23:21] [Server thread/INFO]: Zombie Aggressive Towards Villager: true
[01:23:21] [Server thread/INFO]: Nerfing mobs spawned from spawners: false
[01:23:21] [Server thread/INFO]: Preparing start region for level 0 (Seed: 3363996879746144656)
[01:23:22] [Server thread/INFO]: Preparing spawn area: 0%
[01:23:23] [Server thread/INFO]: Preparing spawn area: 2%
[01:23:25] [Server thread/INFO]: Preparing spawn area: 7%
[01:23:25] [Server thread/INFO]: Preparing start region for level 1 (Seed: 3363996879746144656)
[01:23:25] [Server thread/INFO]: Preparing start region for level 2 (Seed: 3363996879746144656)
[01:23:25] [Server thread/INFO]: [SetHome] Enabling SetHome v0.1
[01:23:25] [Server thread/INFO]: [QuickEChest] Enabling QuickEChest v1.0
[01:23:25] [Server thread/INFO]: [QuickEChest] Starting QuickEChest Plugin...
[01:23:26] [Server thread/INFO]: [QuickEChest] Complete!
[01:23:26] [Server thread/INFO]: [Turpedo] Enabling Turpedo v1.0
[01:23:26] [Server thread/INFO]: [WildRTP] Enabling WildRTP v1.3.1
[01:23:26] [Server thread/INFO]: WildRTP by Joni
[01:23:26] [Server thread/INFO]: Your are running on version 1.3.1
[01:23:26] [Server thread/INFO]: Dedected following version git-Paper-1620 (MC: 1.12.2)
[01:23:26] [Server thread/INFO]: Done (6.078s)! For help, type "help" or "?"
[01:23:26] [Server thread/INFO]: Timings Reset
