[09:47:56] [main/INFO]: Using mbed TLS based native cipher.
[09:47:56] [main/INFO]: Using zlib based native compressor.
[09:47:56] [main/INFO]: Enabled Waterfall version git:Waterfall-Bootstrap:1.19-R0.1-SNAPSHOT:dca72c2:511
[09:47:56] [main/INFO]: Not on Windows, attempting to use enhanced EpollEventLoop
[09:47:56] [main/INFO]: Epoll is working, utilising it!
[09:47:56] [main/INFO]: Discovered module: ModuleSpec(name=cmd_alert, file=modules/cmd_alert.jar, provider=JenkinsModuleSource())
[09:47:56] [main/INFO]: Discovered module: ModuleSpec(name=cmd_find, file=modules/cmd_find.jar, provider=JenkinsModuleSource())
[09:47:56] [main/INFO]: Discovered module: ModuleSpec(name=cmd_list, file=modules/cmd_list.jar, provider=JenkinsModuleSource())
[09:47:56] [main/INFO]: Discovered module: ModuleSpec(name=cmd_send, file=modules/cmd_send.jar, provider=JenkinsModuleSource())
[09:47:56] [main/INFO]: Discovered module: ModuleSpec(name=cmd_server, file=modules/cmd_server.jar, provider=JenkinsModuleSource())
[09:47:56] [main/INFO]: Discovered module: ModuleSpec(name=reconnect_yaml, file=modules/reconnect_yaml.jar, provider=JenkinsModuleSource())
[09:47:56] [main/INFO]: Loaded plugin reconnect_yaml version git:reconnect_yaml:1.19-R0.1-SNAPSHOT:dca72c2:511 by WaterfallMC
[09:47:56] [main/INFO]: Loaded plugin cmd_find version git:cmd_find:1.19-R0.1-SNAPSHOT:dca72c2:511 by WaterfallMC
[09:47:56] [main/INFO]: Loaded plugin cmd_server version git:cmd_server:1.19-R0.1-SNAPSHOT:dca72c2:511 by WaterfallMC
[09:47:56] [main/INFO]: Loaded plugin cmd_alert version git:cmd_alert:1.19-R0.1-SNAPSHOT:dca72c2:511 by WaterfallMC
[09:47:56] [main/WARN]: Error loading plugin Turpedo
java.lang.NoClassDefFoundError: org/bukkit/plugin/java/JavaPlugin
	at java.lang.ClassLoader.defineClass1(Native Method) ~[?:?]
	at java.lang.ClassLoader.defineClass(ClassLoader.java:1027) ~[?:?]
	at java.security.SecureClassLoader.defineClass(SecureClassLoader.java:150) ~[?:?]
	at net.md_5.bungee.api.plugin.PluginClassloader.findClass(PluginClassloader.java:152) ~[bungee.jar:git:Waterfall-Bootstrap:1.19-R0.1-SNAPSHOT:dca72c2:511]
	at java.lang.ClassLoader.loadClass(ClassLoader.java:593) ~[?:?]
	at net.md_5.bungee.api.plugin.PluginClassloader.loadClass0(PluginClassloader.java:66) ~[bungee.jar:git:Waterfall-Bootstrap:1.19-R0.1-SNAPSHOT:dca72c2:511]
	at net.md_5.bungee.api.plugin.PluginClassloader.loadClass(PluginClassloader.java:59) ~[bungee.jar:git:Waterfall-Bootstrap:1.19-R0.1-SNAPSHOT:dca72c2:511]
	at java.lang.ClassLoader.loadClass(ClassLoader.java:526) ~[?:?]
	at net.md_5.bungee.api.plugin.PluginManager.enablePlugin(PluginManager.java:394) ~[bungee.jar:git:Waterfall-Bootstrap:1.19-R0.1-SNAPSHOT:dca72c2:511]
	at net.md_5.bungee.api.plugin.PluginManager.loadPlugins(PluginManager.java:300) ~[bungee.jar:git:Waterfall-Bootstrap:1.19-R0.1-SNAPSHOT:dca72c2:511]
	at net.md_5.bungee.BungeeCord.start(BungeeCord.java:287) ~[bungee.jar:git:Waterfall-Bootstrap:1.19-R0.1-SNAPSHOT:dca72c2:511]
	at net.md_5.bungee.BungeeCordLauncher.main(BungeeCordLauncher.java:67) ~[bungee.jar:git:Waterfall-Bootstrap:1.19-R0.1-SNAPSHOT:dca72c2:511]
	at net.md_5.bungee.Bootstrap.main(Bootstrap.java:15) ~[bungee.jar:git:Waterfall-Bootstrap:1.19-R0.1-SNAPSHOT:dca72c2:511]
Caused by: java.lang.ClassNotFoundException: org.bukkit.plugin.java.JavaPlugin
	at net.md_5.bungee.api.plugin.PluginClassloader.loadClass0(PluginClassloader.java:103) ~[bungee.jar:git:Waterfall-Bootstrap:1.19-R0.1-SNAPSHOT:dca72c2:511]
	at net.md_5.bungee.api.plugin.PluginClassloader.loadClass(PluginClassloader.java:59) ~[bungee.jar:git:Waterfall-Bootstrap:1.19-R0.1-SNAPSHOT:dca72c2:511]
	at java.lang.ClassLoader.loadClass(ClassLoader.java:526) ~[?:?]
	... 13 more
[09:47:56] [main/INFO]: Loaded plugin cmd_send version git:cmd_send:1.19-R0.1-SNAPSHOT:dca72c2:511 by WaterfallMC
[09:47:56] [main/INFO]: Loaded plugin cmd_list version git:cmd_list:1.19-R0.1-SNAPSHOT:dca72c2:511 by WaterfallMC
[09:47:56] [main/WARN]: :>:>:>:>:>:>:>:>:>:>:>:>:>:>:>:>:>:>:>:>:>:>:>
[09:47:56] [main/WARN]: :>  
[09:47:56] [main/WARN]: :>      EAGLERCRAFTXBUNGEE WARNING:
[09:47:56] [main/WARN]: :>  
[09:47:56] [main/WARN]: :>  This plugin wasn't tested to be 'working'
[09:47:56] [main/WARN]: :>  with ANY version of BungeeCord (and forks)
[09:47:56] [main/WARN]: :>  apart from the versions listed below:
[09:47:56] [main/WARN]: :>  
[09:47:56] [main/WARN]: :>  - BungeeCord: 1.21-R0.1-SNAPSHOT:4886c4b:1881
[09:47:56] [main/WARN]: :>  - Waterfall: 1.21-R0.1-SNAPSHOT:de8345a:579
[09:47:56] [main/WARN]: :>  
[09:47:56] [main/WARN]: :>  This is not a Bukkit/Spigot plugin!
[09:47:56] [main/WARN]: :>  
[09:47:56] [main/WARN]: :>  Use "-Deaglerxbungee.stfu=true" to hide
[09:47:56] [main/WARN]: :>  
[09:47:56] [main/WARN]: :>:>:>:>:>:>:>:>:>:>:>:>:>:>:>:>:>:>:>:>:>:>:>
[09:47:56] [main/INFO]: Loaded plugin EaglercraftXBungee version 1.3.3 by lax1dude
[09:47:56] [main/ERROR]: Exception in thread "main" java.lang.RuntimeException: Invalid configuration encountered - this is a configuration error and NOT a bug! Please attempt to fix the error or see https://www.spigotmc.org/ for help.
[09:47:56] [main/ERROR]: 	at net.md_5.bungee.conf.YamlConfig.load(YamlConfig.java:83)
[09:47:56] [main/ERROR]: 	at net.md_5.bungee.conf.YamlConfig.load(YamlConfig.java:67)
[09:47:56] [main/ERROR]: 	at net.md_5.bungee.conf.Configuration.load(Configuration.java:82)
[09:47:56] [main/ERROR]: 	at io.github.waterfallmc.waterfall.conf.WaterfallConfiguration.load(WaterfallConfiguration.java:67)
[09:47:56] [main/ERROR]: 	at net.md_5.bungee.BungeeCord.start(BungeeCord.java:288)
[09:47:56] [main/ERROR]: 	at net.md_5.bungee.BungeeCordLauncher.main(BungeeCordLauncher.java:67)
[09:47:56] [main/ERROR]: 	at net.md_5.bungee.Bootstrap.main(Bootstrap.java:15)
[09:47:56] [main/ERROR]: Caused by: while scanning a simple key
[09:47:56] [main/ERROR]:  in 'reader', line 20, column 1:
[09:47:56] [main/ERROR]:     permissions:t
[09:47:56] [main/ERROR]:     ^
[09:47:56] [main/ERROR]: could not find expected ':'
[09:47:56] [main/ERROR]:  in 'reader', line 21, column 10:
[09:47:56] [main/ERROR]:       default:
[09:47:56] [main/ERROR]:              ^
[09:47:56] [main/ERROR]: 
[09:47:56] [main/ERROR]: 	at org.yaml.snakeyaml.scanner.ScannerImpl.stalePossibleSimpleKeys(ScannerImpl.java:527)
[09:47:56] [main/ERROR]: 	at org.yaml.snakeyaml.scanner.ScannerImpl.needMoreTokens(ScannerImpl.java:332)
[09:47:56] [main/ERROR]: 	at org.yaml.snakeyaml.scanner.ScannerImpl.checkToken(ScannerImpl.java:262)
[09:47:56] [main/ERROR]: 	at org.yaml.snakeyaml.parser.ParserImpl$ParseBlockMappingKey.produce(ParserImpl.java:662)
[09:47:56] [main/ERROR]: 	at org.yaml.snakeyaml.parser.ParserImpl.peekEvent(ParserImpl.java:185)
[09:47:56] [main/ERROR]: 	at org.yaml.snakeyaml.comments.CommentEventsCollector$1.peek(CommentEventsCollector.java:57)
[09:47:56] [main/ERROR]: 	at org.yaml.snakeyaml.comments.CommentEventsCollector$1.peek(CommentEventsCollector.java:43)
[09:47:56] [main/ERROR]: 	at org.yaml.snakeyaml.comments.CommentEventsCollector.collectEvents(CommentEventsCollector.java:136)
[09:47:56] [main/ERROR]: 	at org.yaml.snakeyaml.comments.CommentEventsCollector.collectEvents(CommentEventsCollector.java:116)
[09:47:56] [main/ERROR]: 	at org.yaml.snakeyaml.composer.Composer.composeScalarNode(Composer.java:239)
[09:47:56] [main/ERROR]: 	at org.yaml.snakeyaml.composer.Composer.composeNode(Composer.java:208)
[09:47:56] [main/ERROR]: 	at org.yaml.snakeyaml.composer.Composer.composeValueNode(Composer.java:357)
[09:47:56] [main/ERROR]: 	at org.yaml.snakeyaml.composer.Composer.composeMappingChildren(Composer.java:336)
[09:47:56] [main/ERROR]: 	at org.yaml.snakeyaml.composer.Composer.composeMappingNode(Composer.java:311)
[09:47:56] [main/ERROR]: 	at org.yaml.snakeyaml.composer.Composer.composeNode(Composer.java:212)
[09:47:56] [main/ERROR]: 	at org.yaml.snakeyaml.composer.Composer.getNode(Composer.java:134)
[09:47:56] [main/ERROR]: 	at org.yaml.snakeyaml.composer.Composer.getSingleNode(Composer.java:160)
[09:47:56] [main/ERROR]: 	at org.yaml.snakeyaml.constructor.BaseConstructor.getSingleData(BaseConstructor.java:184)
[09:47:56] [main/ERROR]: 	at org.yaml.snakeyaml.Yaml.loadFromReader(Yaml.java:477)
[09:47:56] [main/ERROR]: 	at org.yaml.snakeyaml.Yaml.load(Yaml.java:418)
[09:47:56] [main/ERROR]: 	at net.md_5.bungee.conf.YamlConfig.load(YamlConfig.java:80)
[09:47:56] [main/ERROR]: 	... 6 more
